<?xml version="1.0" encoding="UTF-8"?>
<testng-results ignored="0" total="1" passed="0" failed="1" skipped="0">
  <reporter-output>
  </reporter-output>
  <suite started-at="2024-10-28T17:57:25 EDT" name="Default suite" finished-at="2024-10-28T17:57:42 EDT" duration-ms="17264">
    <groups>
      <group name="cucumber">
        <method signature="AbstractTestNGCucumberTests.runScenario(io.cucumber.testng.PickleWrapper,io.cucumber.testng.FeatureWrapper)[pri:0, instance:runner.TestRunner@32c0915e]" name="runScenario" class="io.cucumber.testng.AbstractTestNGCucumberTests"/>
      </group> <!-- cucumber -->
    </groups>
    <test started-at="2024-10-28T17:57:25 EDT" name="Default test" finished-at="2024-10-28T17:57:42 EDT" duration-ms="17264">
      <class name="runner.TestRunner">
        <test-method is-config="true" signature="setUpClass(org.testng.ITestContext)[pri:0, instance:runner.TestRunner@32c0915e]" started-at="2024-10-28T17:57:25 EDT" name="setUpClass" finished-at="2024-10-28T17:57:27 EDT" duration-ms="1594" status="PASS">
          <params>
            <param index="0">
              <value>
                <![CDATA[org.testng.TestRunner@2262f0d8]]>
              </value>
            </param>
          </params>
          <reporter-output>
          </reporter-output>
        </test-method> <!-- setUpClass -->
        <test-method signature="runScenario(io.cucumber.testng.PickleWrapper,io.cucumber.testng.FeatureWrapper)[pri:0, instance:runner.TestRunner@32c0915e]" started-at="2024-10-28T17:57:27 EDT" name="runScenario" description="Runs Cucumber Scenarios" data-provider="scenarios" finished-at="2024-10-28T17:57:38 EDT" duration-ms="10837" status="FAIL">
          <params>
            <param index="0">
              <value>
                <![CDATA["Verify the company logo"]]>
              </value>
            </param>
            <param index="1">
              <value>
                <![CDATA["Home Page Validation"]]>
              </value>
            </param>
          </params>
          <exception class="java.lang.AssertionError">
            <message>
              <![CDATA[expected [true] but found [false]]]>
            </message>
            <full-stacktrace>
              <![CDATA[java.lang.AssertionError: expected [true] but found [false]
at org.testng.Assert.fail(Assert.java:111)
at org.testng.Assert.failNotEquals(Assert.java:1578)
at org.testng.Assert.assertEqualsImpl(Assert.java:150)
at org.testng.Assert.assertEquals(Assert.java:132)
at org.testng.Assert.assertEquals(Assert.java:1067)
at org.testng.Assert.assertEquals(Assert.java:1031)
at org.testng.Assert.assertEquals(Assert.java:1077)
at stepDefiniton.HomepageSteps.admin_should_see_logo_on_the_left_side(HomepageSteps.java:76)
at ✽.Admin should see logo on the left side(file:///C:/Users/anbum/OneDrive/Desktop/Anbu/LMS_Hackathon/Team15-Web-Warriors/src/test/resources/features/Home.feature:34)
]]>
            </full-stacktrace>
          </exception> <!-- java.lang.AssertionError -->
          <reporter-output>
          </reporter-output>
        </test-method> <!-- runScenario -->
        <test-method is-config="true" signature="tearDownClass()[pri:0, instance:runner.TestRunner@32c0915e]" started-at="2024-10-28T17:57:38 EDT" name="tearDownClass" finished-at="2024-10-28T17:57:42 EDT" duration-ms="4711" status="PASS">
          <reporter-output>
          </reporter-output>
        </test-method> <!-- tearDownClass -->
      </class> <!-- runner.TestRunner -->
    </test> <!-- Default test -->
  </suite> <!-- Default suite -->
</testng-results>
