<?xml version="1.0" encoding="UTF-8"?>
<testng-results ignored="0" total="1" passed="0" failed="1" skipped="0">
  <reporter-output>
  </reporter-output>
  <suite started-at="2024-10-23T16:08:31 EDT" name="Default suite" finished-at="2024-10-23T16:08:41 EDT" duration-ms="10638">
    <groups>
      <group name="cucumber">
        <method signature="AbstractTestNGCucumberTests.runScenario(io.cucumber.testng.PickleWrapper,io.cucumber.testng.FeatureWrapper)[pri:0, instance:runner.TestRunnerSample@1941a8ff]" name="runScenario" class="io.cucumber.testng.AbstractTestNGCucumberTests"/>
      </group> <!-- cucumber -->
    </groups>
    <test started-at="2024-10-23T16:08:31 EDT" name="Default test" finished-at="2024-10-23T16:08:41 EDT" duration-ms="10638">
      <class name="runner.TestRunnerSample">
        <test-method is-config="true" signature="setUpClass(org.testng.ITestContext)[pri:0, instance:runner.TestRunnerSample@1941a8ff]" started-at="2024-10-23T16:08:31 EDT" name="setUpClass" finished-at="2024-10-23T16:08:32 EDT" duration-ms="799" status="PASS">
          <params>
            <param index="0">
              <value>
                <![CDATA[org.testng.TestRunner@3ac0a14b]]>
              </value>
            </param>
          </params>
          <reporter-output>
          </reporter-output>
        </test-method> <!-- setUpClass -->
        <test-method signature="runScenario(io.cucumber.testng.PickleWrapper,io.cucumber.testng.FeatureWrapper)[pri:0, instance:runner.TestRunnerSample@1941a8ff]" started-at="2024-10-23T16:08:32 EDT" name="runScenario" description="Runs Cucumber Scenarios" data-provider="scenarios" finished-at="2024-10-23T16:08:32 EDT" duration-ms="392" status="FAIL">
          <params>
            <param index="0">
              <value>
                <![CDATA["Launching application"]]>
              </value>
            </param>
            <param index="1">
              <value>
                <![CDATA["Login feature"]]>
              </value>
            </param>
          </params>
          <exception class="java.lang.RuntimeException">
            <message>
              <![CDATA[WebDriver is not initialized. Please call initializeWebDriver() first.]]>
            </message>
            <full-stacktrace>
              <![CDATA[java.lang.RuntimeException: WebDriver is not initialized. Please call initializeWebDriver() first.
at drivers.DriverFactory.getDriver(DriverFactory.java:59)
at pageFactory.LoginPage.<init>(LoginPage.java:12)
at stepDefiniton.LoginSteps.admin_launch_the_browser(LoginSteps.java:31)
at ✽.Admin launch the browser(file:///C:/Users/anbum/OneDrive/Desktop/Anbu/LMS_Hackathon/Team15-Web-Warriors/src/test/resources/features/Login.feature:5)
]]>
            </full-stacktrace>
          </exception> <!-- java.lang.RuntimeException -->
          <reporter-output>
          </reporter-output>
        </test-method> <!-- runScenario -->
        <test-method is-config="true" signature="tearDownClass()[pri:0, instance:runner.TestRunnerSample@1941a8ff]" started-at="2024-10-23T16:08:32 EDT" name="tearDownClass" finished-at="2024-10-23T16:08:41 EDT" duration-ms="9374" status="PASS">
          <reporter-output>
          </reporter-output>
        </test-method> <!-- tearDownClass -->
      </class> <!-- runner.TestRunnerSample -->
    </test> <!-- Default test -->
  </suite> <!-- Default suite -->
</testng-results>
