<?xml version="1.0" encoding="UTF-8"?>
<!-- Generated by org.testng.reporters.JUnitReportReporter -->
<testsuite hostname="AnbuPC" failures="0" tests="1" name="runner.TestRunnerSample" time="0.392" errors="1" timestamp="2024-10-23T16:08:42 EDT" skipped="0">
  <testcase classname="runner.TestRunnerSample" name="runScenario" time="0.392">
    <error message="WebDriver is not initialized. Please call initializeWebDriver() first." type="java.lang.RuntimeException">
      <![CDATA[java.lang.RuntimeException: WebDriver is not initialized. Please call initializeWebDriver() first.
at drivers.DriverFactory.getDriver(DriverFactory.java:59)
at pageFactory.LoginPage.<init>(LoginPage.java:12)
at stepDefiniton.LoginSteps.admin_launch_the_browser(LoginSteps.java:31)
at ✽.Admin launch the browser(file:///C:/Users/anbum/OneDrive/Desktop/Anbu/LMS_Hackathon/Team15-Web-Warriors/src/test/resources/features/Login.feature:5)
]]>
    </error>
  </testcase> <!-- runScenario -->
</testsuite> <!-- runner.TestRunnerSample -->
